<?xml version="1.0" encoding="UTF-8"?>
<!-- Generated by org.testng.reporters.JUnitReportReporter -->
<testsuite hostname="Razin-Win11" failures="0" tests="3" name="test.basicTests" time="18.613" errors="0" timestamp="2025-03-24T21:39:33 EDT" skipped="0">
  <testcase classname="test.basicTests" name="numberOfCheckBoxesInPage" time="3.976"/>
  <system-out/>
  <testcase classname="test.basicTests" name="autoSuggestDropdownTest" time="10.497"/>
  <system-out/>
  <testcase classname="test.basicTests" name="checkBoxCheck" time="4.140"/>
  <system-out/>
</testsuite> <!-- test.basicTests -->
